progress: 1/1140

progress: 2/1140

progress: 3/1140

progress: 4/1140

progress: 5/1140

progress: 6/1140

Expecting value: line 28 column 1 (char 2863)		in file: 1002.md

progress: 7/1140

progress: 8/1140

Expecting ',' delimiter: line 21 column 158 (char 2609)		in file: 1004.md

progress: 9/1140

progress: 10/1140

progress: 11/1140

Expecting value: line 26 column 1 (char 2515)		in file: 1007.md

progress: 12/1140

progress: 13/1140

progress: 14/1140

progress: 15/1140

progress: 16/1140

Expecting value: line 22 column 1 (char 3232)		in file: 1011.md

progress: 17/1140

progress: 18/1140

progress: 19/1140

progress: 20/1140

progress: 21/1140

progress: 22/1140

progress: 23/1140

progress: 24/1140

Expecting value: line 12 column 1 (char 2610)		in file: 1019.md

progress: 25/1140

progress: 26/1140

progress: 27/1140

progress: 28/1140

progress: 29/1140

progress: 30/1140

Expecting value: line 25 column 1 (char 6069)		in file: 1024.md

progress: 31/1140

progress: 32/1140

progress: 33/1140

progress: 34/1140

progress: 35/1140

Expecting value: line 13 column 1 (char 2390)		in file: 1029.md

progress: 36/1140

progress: 37/1140

Expecting value: line 22 column 1 (char 2608)		in file: 1030.md

progress: 38/1140

Expecting value: line 12 column 1 (char 2569)		in file: 1031.md

progress: 39/1140

progress: 40/1140

progress: 41/1140

progress: 42/1140

Expecting value: line 12 column 1 (char 2325)		in file: 1035.md

progress: 43/1140

progress: 44/1140

progress: 45/1140

progress: 46/1140

progress: 47/1140

progress: 48/1140

progress: 49/1140

progress: 50/1140

progress: 51/1140

progress: 53/1140

progress: 54/1140

progress: 55/1140

progress: 56/1140

progress: 57/1140

progress: 58/1140

progress: 59/1140

Expecting value: line 13 column 1 (char 2430)		in file: 1050.md

progress: 60/1140

progress: 61/1140

progress: 63/1140

progress: 64/1140

Expecting value: line 15 column 1 (char 2433)		in file: 1055.md

progress: 65/1140

Expecting value: line 12 column 1 (char 3327)		in file: 1056.md

progress: 66/1140

progress: 67/1140

progress: 68/1140

progress: 69/1140

progress: 70/1140

progress: 71/1140

progress: 72/1140

progress: 73/1140

progress: 74/1140

Expecting value: line 12 column 1 (char 3545)		in file: 1064.md

progress: 75/1140

Expecting value: line 13 column 1 (char 3142)		in file: 1065.md

progress: 76/1140

progress: 77/1140

progress: 78/1140

progress: 79/1140

progress: 80/1140

progress: 81/1140

progress: 82/1140

progress: 83/1140

progress: 84/1140

progress: 85/1140

progress: 86/1140

progress: 87/1140

Expecting value: line 34 column 1 (char 3662)		in file: 1076.md

progress: 88/1140

progress: 89/1140

progress: 90/1140

Expecting value: line 22 column 1 (char 2644)		in file: 1079.md

progress: 91/1140

progress: 92/1140

progress: 93/1140

progress: 94/1140

progress: 95/1140

progress: 96/1140

progress: 97/1140

progress: 98/1140

progress: 99/1140

progress: 100/1140

progress: 101/1140

progress: 102/1140

progress: 103/1140

progress: 104/1140

progress: 105/1140

progress: 106/1140

Expecting value: line 12 column 1 (char 2599)		in file: 1093.md

progress: 107/1140

progress: 108/1140

progress: 109/1140

progress: 110/1140

progress: 111/1140

Expecting value: line 12 column 1 (char 3115)		in file: 1098.md

progress: 112/1140

progress: 113/1140

progress: 114/1140

Expecting value: line 22 column 1 (char 2788)		in file: 110.md

progress: 115/1140

progress: 116/1140

progress: 117/1140

progress: 118/1140

progress: 119/1140

progress: 120/1140

progress: 121/1140

progress: 122/1140

progress: 123/1140

progress: 124/1140

Expecting value: line 18 column 1 (char 3495)		in file: 1109.md

progress: 126/1140

progress: 127/1140

progress: 128/1140

Expecting value: line 22 column 1 (char 2842)		in file: 1112.md

progress: 129/1140

progress: 130/1140

progress: 131/1140

progress: 132/1140

progress: 133/1140

progress: 134/1140

Expecting value: line 12 column 1 (char 2106)		in file: 1118.md

progress: 135/1140

progress: 136/1140

progress: 137/1140

progress: 138/1140

progress: 139/1140

Expecting value: line 11 column 1 (char 2972)		in file: 1122.md

progress: 140/1140

progress: 141/1140

progress: 142/1140

progress: 143/1140

progress: 144/1140

progress: 145/1140

progress: 146/1140

progress: 147/1140

progress: 148/1140

Expecting value: line 44 column 1 (char 3903)		in file: 1130.md

progress: 149/1140

Expecting value: line 16 column 1 (char 3195)		in file: 1131.md

progress: 150/1140

progress: 151/1140

progress: 152/1140

progress: 153/1140

progress: 154/1140

Expecting value: line 12 column 1 (char 2628)		in file: 1136.md

progress: 155/1140

progress: 156/1140

progress: 157/1140

progress: 1/1140

progress: 2/1140

progress: 1/1140

progress: 1/1141

progress: 2/1141

progress: 3/1141

Expecting value: line 14 column 1 (char 2797)		in file: 100.md

progress: 4/1141

Expecting value: line 14 column 1 (char 2797)		in file: 1000.md

progress: 5/1141

progress: 6/1141

progress: 7/1141

progress: 8/1141

progress: 9/1141

progress: 10/1141

progress: 11/1141

Expecting value: line 17 column 1 (char 3061)		in file: 1007.md

progress: 12/1141

Expecting value: line 17 column 1 (char 3061)		in file: 1008.md

progress: 13/1141

progress: 14/1141

progress: 15/1141

progress: 16/1141

progress: 17/1141

progress: 18/1141

progress: 19/1141

progress: 20/1141

progress: 21/1141

progress: 22/1141

progress: 23/1141

progress: 24/1141

progress: 25/1141

progress: 26/1141

progress: 27/1141

Expecting value: line 14 column 1 (char 2869)		in file: 1021.md

progress: 28/1141

Expecting value: line 14 column 1 (char 2869)		in file: 1022.md

progress: 29/1141

progress: 30/1141

progress: 31/1141

progress: 32/1141

progress: 33/1141

Invalid control character at: line 4 column 391 (char 792)		in file: 1027.md

progress: 34/1141

Invalid control character at: line 4 column 391 (char 792)		in file: 1028.md

progress: 35/1141

progress: 36/1141

progress: 37/1141

Expecting value: line 13 column 1 (char 3283)		in file: 1030.md

progress: 38/1141

Expecting value: line 13 column 1 (char 3283)		in file: 1031.md

progress: 39/1141

progress: 40/1141

progress: 41/1141

Expecting value: line 12 column 1 (char 2432)		in file: 1034.md

progress: 42/1141

Expecting value: line 12 column 1 (char 2432)		in file: 1035.md

progress: 43/1141

progress: 44/1141

progress: 45/1141

progress: 46/1141

progress: 47/1141

progress: 48/1141

progress: 49/1141

progress: 50/1141

progress: 51/1141

Expecting value: line 17 column 1 (char 4037)		in file: 1043.md

progress: 52/1141

Expecting value: line 17 column 1 (char 4037)		in file: 1044.md

progress: 53/1141

progress: 54/1141

progress: 55/1141

progress: 56/1141

progress: 57/1141

progress: 58/1141

progress: 63/1141

progress: 64/1141

progress: 65/1141

progress: 66/1141

progress: 67/1141

progress: 68/1141

progress: 69/1141

progress: 70/1141

progress: 71/1141

progress: 72/1141

progress: 75/1141

progress: 76/1141

progress: 77/1141

progress: 1/1084

progress: 2/1084

progress: 3/1084

progress: 4/1084

progress: 5/1084

progress: 6/1084

progress: 7/1084

progress: 8/1084

Expecting value: line 21 column 1 (char 4190)		in file: 1028.md

progress: 9/1084

progress: 10/1084

Expecting value: line 14 column 1 (char 3018)		in file: 1031.md

progress: 11/1084

progress: 12/1084

Expecting value: line 11 column 1 (char 2779)		in file: 1035.md

progress: 13/1084

progress: 14/1084

Expecting value: line 13 column 1 (char 2591)		in file: 1044.md

progress: 15/1084

Expecting value: line 16 column 1 (char 2725)		in file: 1050.md

progress: 16/1084

progress: 17/1084

progress: 18/1084

progress: 19/1084

progress: 20/1084

progress: 21/1084

Expecting value: line 34 column 1 (char 3679)		in file: 1068.md

progress: 23/1084

progress: 24/1084

progress: 25/1084

progress: 26/1084

progress: 27/1084

progress: 28/1084

progress: 29/1084

progress: 30/1084

progress: 31/1084

progress: 32/1084

progress: 33/1084

progress: 34/1084

Expecting value: line 24 column 1 (char 2523)		in file: 108.md

progress: 35/1084

Expecting value: line 10 column 1 (char 2741)		in file: 1080.md

progress: 36/1084

progress: 37/1084

progress: 38/1084

Expecting value: line 13 column 1 (char 3797)		in file: 1083.md

progress: 39/1084

progress: 40/1084

progress: 41/1084

progress: 42/1084

progress: 43/1084

progress: 44/1084

Expecting value: line 13 column 1 (char 2611)		in file: 1089.md

progress: 45/1084

progress: 46/1084

progress: 47/1084

progress: 48/1084

progress: 49/1084

Expecting value: line 22 column 1 (char 2769)		in file: 1093.md

progress: 50/1084

Expecting value: line 16 column 1 (char 3625)		in file: 1094.md

progress: 51/1084

progress: 52/1084

Expecting value: line 14 column 1 (char 1912)		in file: 1096.md

progress: 53/1084

progress: 54/1084

progress: 55/1084

Expecting value: line 15 column 1 (char 3191)		in file: 1099.md

progress: 56/1084

progress: 57/1084

progress: 58/1084

progress: 59/1084

Expecting value: line 13 column 1 (char 2707)		in file: 1101.md

progress: 60/1084

progress: 61/1084

Expecting value: line 24 column 1 (char 3039)		in file: 1103.md

progress: 62/1084

progress: 63/1084

progress: 64/1084

Expecting value: line 12 column 1 (char 3032)		in file: 1106.md

progress: 65/1084

Expecting value: line 10 column 1 (char 2367)		in file: 1107.md

progress: 66/1084

progress: 67/1084

progress: 68/1084

progress: 69/1084

progress: 70/1084

progress: 71/1084

progress: 72/1084

progress: 74/1084

progress: 75/1084

progress: 76/1084

Expecting value: line 20 column 1 (char 2763)		in file: 1117.md

progress: 77/1084

progress: 78/1084

progress: 79/1084

progress: 80/1084

progress: 81/1084

progress: 82/1084

progress: 83/1084

progress: 84/1084

progress: 85/1084

progress: 86/1084

progress: 87/1084

Expecting value: line 22 column 1 (char 4838)		in file: 1127.md

progress: 88/1084

progress: 89/1084

progress: 90/1084

progress: 91/1084

progress: 1/920

progress: 2/920

progress: 3/920

Expecting value: line 24 column 1 (char 2351)		in file: 1069.md

progress: 4/920

progress: 5/920

progress: 6/920

Expecting value: line 34 column 1 (char 2988)		in file: 1080.md

progress: 7/920

progress: 9/920

progress: 11/920

progress: 12/920

progress: 13/920

Expecting value: line 11 column 1 (char 2263)		in file: 1104.md

progress: 14/920

progress: 15/920

progress: 16/920

progress: 17/920

progress: 18/920

progress: 19/920

progress: 20/920

progress: 21/920

progress: 22/920

progress: 23/920

progress: 24/920

progress: 25/920

progress: 26/920

progress: 27/920

progress: 28/920

progress: 29/920

progress: 30/920

Expecting value: line 11 column 1 (char 2405)		in file: 150.md

progress: 31/920

progress: 32/920

Expecting value: line 15 column 1 (char 3171)		in file: 152.md

progress: 33/920

progress: 34/920

progress: 35/920

progress: 36/920

progress: 37/920

Expecting value: line 20 column 1 (char 4749)		in file: 171.md

progress: 38/920

progress: 39/920

progress: 40/920

progress: 41/920

progress: 42/920

progress: 43/920

progress: 44/920

progress: 45/920

progress: 46/920

progress: 47/920

progress: 48/920

progress: 49/920

progress: 50/920

Expecting value: line 13 column 1 (char 4510)		in file: 202.md

progress: 51/920

progress: 52/920

progress: 53/920

progress: 54/920

progress: 55/920

Expecting value: line 49 column 1 (char 4523)		in file: 22.md

progress: 57/920

progress: 58/920

progress: 60/920

Expecting value: line 8 column 1 (char 2244)		in file: 224.md

progress: 1/873

progress: 2/873

progress: 1/871

progress: 2/871

progress: 3/871

Invalid control character at: line 4 column 107 (char 221)		in file: 1104.md

progress: 4/871

progress: 7/871

progress: 1/867

Expecting ',' delimiter: line 45 column 1 (char 3920)		in file: 1104.md

progress: 2/867

Expecting value: line 20 column 1 (char 2916)		in file: 152.md

progress: 3/867

progress: 4/867

progress: 5/867

progress: 6/867

progress: 7/867

progress: 8/867

progress: 9/867

progress: 10/867

progress: 11/867

progress: 12/867

progress: 13/867

progress: 15/867

progress: 16/867

progress: 17/867

progress: 18/867

progress: 19/867

progress: 20/867

progress: 21/867

progress: 22/867

progress: 23/867

progress: 24/867

progress: 26/867

progress: 27/867

progress: 28/867

progress: 29/867

progress: 30/867

progress: 31/867

progress: 32/867

progress: 33/867

progress: 34/867

progress: 35/867

progress: 36/867

progress: 37/867

progress: 39/867

progress: 40/867

progress: 42/867

progress: 43/867

progress: 44/867

progress: 45/867

progress: 47/867

progress: 48/867

progress: 49/867

progress: 52/867

Expecting value: line 50 column 1 (char 2812)		in file: 265.md

progress: 53/867

progress: 54/867

progress: 55/867

progress: 57/867

Expecting value: line 19 column 1 (char 3483)		in file: 27.md

progress: 59/867

Expecting value: line 49 column 1 (char 3236)		in file: 271.md

progress: 61/867

progress: 62/867

progress: 63/867

Invalid control character at: line 12 column 127 (char 612)		in file: 275.md

progress: 64/867

Expecting value: line 13 column 1 (char 3007)		in file: 276.md

progress: 65/867

progress: 66/867

progress: 67/867

Expecting value: line 55 column 1 (char 3952)		in file: 279.md

progress: 68/867

progress: 69/867

progress: 70/867

progress: 71/867

progress: 72/867

progress: 73/867

progress: 75/867

progress: 76/867

progress: 77/867

progress: 78/867

progress: 79/867

progress: 80/867

progress: 1/806

progress: 2/806

progress: 3/806

progress: 4/806

progress: 5/806

progress: 7/806

progress: 8/806

Expecting value: line 40 column 1 (char 3254)		in file: 263.md

progress: 9/806

progress: 10/806

progress: 11/806

progress: 5/806

progress: 6/806

progress: 7/806

progress: 8/806

progress: 9/806

progress: 10/806

progress: 1/2

progress: 3/800

progress: 4/800

progress: 5/800

progress: 7/800

progress: 5/796

progress: 6/796

Expecting value: line 7 column 1 (char 836)		in file: 275.md

progress: 7/796

progress: 8/796

progress: 9/796

progress: 10/796

progress: 12/796

progress: 14/796

progress: 17/796

Expecting value: line 13 column 1 (char 2003)		in file: 298.md

progress: 18/796

progress: 20/796

progress: 23/796

progress: 25/796

progress: 26/796

progress: 27/796

progress: 28/796

progress: 29/796

progress: 30/796

progress: 31/796

progress: 32/796

progress: 33/796

progress: 35/796

progress: 36/796

progress: 37/796

progress: 38/796

progress: 39/796

progress: 40/796

Expecting value: line 14 column 1 (char 2125)		in file: 318.md

progress: 41/796

progress: 44/796

Expecting value: line 15 column 1 (char 2165)		in file: 321.md

progress: 46/796

progress: 47/796

progress: 48/796

progress: 50/796

progress: 53/796

progress: 55/796

progress: 56/796

progress: 58/796

progress: 59/796

progress: 60/796

progress: 62/796

progress: 64/796

Expecting value: line 15 column 1 (char 4130)		in file: 34.md

progress: 65/796

progress: 66/796

progress: 67/796

progress: 68/796

progress: 71/796

progress: 76/796

progress: 78/796

Expecting value: line 9 column 1 (char 1043)		in file: 352.md

progress: 79/796

progress: 80/796

Expecting value: line 12 column 1 (char 2606)		in file: 354.md

progress: 81/796

progress: 1/752

write() argument must be str, not DataFrame		in file: 1104.md

progress: 2/752

write() argument must be str, not DataFrame		in file: 152.md

progress: 2/750

progress: 8/750

progress: 1/745

write() argument must be str, not DataFrame		in file: 27.md

progress: 1/744

write() argument must be str, not DataFrame		in file: 292.md

progress: 3/744

write() argument must be str, not DataFrame		in file: 297.md

progress: 4/744

write() argument must be str, not DataFrame		in file: 3.md

progress: 5/744

write() argument must be str, not DataFrame		in file: 300.md

progress: 6/744

write() argument must be str, not DataFrame		in file: 303.md

progress: 7/744

write() argument must be str, not DataFrame		in file: 312.md

progress: 1/738

progress: 2/738

progress: 3/738

progress: 4/738

Expecting value: line 13 column 3 (char 2497)		in file: 320.md

progress: 5/738

progress: 6/738

progress: 7/738

progress: 8/738

progress: 9/738

progress: 10/738

Expecting value: line 17 column 1 (char 3267)		in file: 330.md

progress: 11/738

progress: 12/738

progress: 13/738

progress: 14/738

progress: 15/738

progress: 16/738

progress: 17/738

progress: 18/738

progress: 19/738

progress: 20/738

progress: 21/738

progress: 22/738

progress: 23/738

progress: 24/738

progress: 25/738

progress: 26/738

progress: 27/738

progress: 28/738

progress: 29/738

progress: 30/738

progress: 31/738

progress: 33/738

progress: 34/738

progress: 35/738

progress: 36/738

progress: 37/738

progress: 38/738

progress: 39/738

progress: 40/738

progress: 41/738

Expecting value: line 17 column 1 (char 4380)		in file: 371.md

progress: 42/738

Expecting value: line 14 column 1 (char 3856)		in file: 372.md

progress: 43/738

Expecting value: line 13 column 1 (char 1467)		in file: 373.md

progress: 44/738

progress: 45/738

progress: 46/738

progress: 47/738

progress: 48/738

progress: 49/738

progress: 50/738

progress: 51/738

Expecting value: line 14 column 1 (char 3220)		in file: 380.md

progress: 52/738

progress: 53/738

progress: 54/738

Expecting ',' delimiter: line 45 column 1 (char 3816)		in file: 383.md

progress: 55/738

progress: 56/738

progress: 57/738

progress: 58/738

progress: 59/738

Expecting ',' delimiter: line 49 column 1 (char 3681)		in file: 388.md

progress: 61/738

progress: 63/738

progress: 64/738

progress: 65/738

progress: 66/738

progress: 68/738

progress: 70/738

progress: 71/738

Expecting value: line 13 column 1 (char 2970)		in file: 399.md

progress: 72/738

progress: 73/738

progress: 74/738

progress: 75/738

progress: 76/738

progress: 1/676

progress: 2/676

progress: 3/676

progress: 4/676

progress: 6/676

progress: 7/676

progress: 8/676

Expecting value: line 14 column 1 (char 3493)		in file: 383.md

progress: 9/676

progress: 10/676

progress: 13/676

progress: 14/676

progress: 15/676

progress: 16/676

progress: 17/676

progress: 18/676

progress: 19/676

progress: 20/676

progress: 21/676

progress: 22/676

progress: 23/676

progress: 25/676

progress: 26/676

progress: 27/676

progress: 28/676

progress: 30/676

progress: 31/676

progress: 32/676

progress: 33/676

Expecting value: line 17 column 3 (char 2730)		in file: 42.md

progress: 34/676

progress: 36/676

progress: 37/676

Expecting value: line 18 column 1 (char 3542)		in file: 423.md

progress: 38/676

Expecting property name enclosed in double quotes: line 5 column 3 (char 506)		in file: 424.md

progress: 39/676

progress: 40/676

progress: 41/676

progress: 42/676

progress: 43/676

progress: 45/676

progress: 46/676

progress: 47/676

progress: 48/676

progress: 49/676

progress: 50/676

progress: 51/676

progress: 52/676

progress: 53/676

progress: 54/676

Expecting value: line 16 column 1 (char 3538)		in file: 439.md

progress: 55/676

progress: 56/676

progress: 57/676

progress: 58/676

progress: 59/676

progress: 60/676

progress: 61/676

Expecting value: line 16 column 1 (char 3632)		in file: 445.md

progress: 62/676

progress: 63/676

progress: 64/676

progress: 65/676

progress: 66/676

progress: 67/676

Expecting value: line 17 column 1 (char 3685)		in file: 450.md

progress: 68/676

Expecting value: line 27 column 1 (char 3413)		in file: 451.md

progress: 70/676

progress: 71/676

progress: 72/676

progress: 73/676

progress: 74/676

progress: 75/676

progress: 76/676

progress: 77/676

progress: 78/676

progress: 79/676

progress: 80/676

Expecting value: line 14 column 1 (char 2630)		in file: 462.md

progress: 81/676

Expecting value: line 14 column 1 (char 2630)		in file: 463.md

progress: 82/676

progress: 1/612

Expecting value: line 21 column 13 (char 768)		in file: 372.md

progress: 1/612

progress: 5/612

progress: 1/610

progress: 2/610

progress: 4/610

progress: 5/610

progress: 6/610

progress: 4/605

Expecting value: line 3 column 16 (char 19)		in file: 43.md

progress: 2/605

Expecting value: line 1 column 2 (char 1)		in file: 423.md

progress: 4/605

Invalid \escape: line 4 column 85 (char 155)		in file: 43.md

progress: 3/605

progress: 4/605

Invalid \escape: line 7 column 52 (char 332)		in file: 43.md

progress: 5/605

progress: 6/605

progress: 2/605

Expecting value: line 38 column 3 (char 1136)		in file: 423.md

progress: 3/605

progress: 4/605

progress: 5/605

progress: 2/605

progress: 3/605

progress: 4/605

progress: 5/605

progress: 6/605

progress: 2/605

progress: 3/605

Extra data: line 56 column 1 (char 1936)		in file: 424.md

progress: 4/605

progress: 5/605

progress: 6/605

Expecting value: line 13 column 1 (char 2617)		in file: 445.md

progress: 7/605

Expecting value: line 1 column 2 (char 1)		in file: 450.md

progress: 8/605

Expecting value: line 10 column 3 (char 174)		in file: 451.md

progress: 9/605

progress: 10/605

progress: 11/605

progress: 12/605

progress: 13/605

progress: 16/605

progress: 17/605

progress: 18/605

progress: 19/605

Expecting value: line 12 column 1 (char 2526)		in file: 471.md

progress: 20/605

progress: 1/593

progress: 2/593

Expecting property name enclosed in double quotes: line 3 column 1 (char 4)		in file: 424.md

progress: 3/593

progress: 4/593

progress: 1/590

progress: 2/590

progress: 3/590

progress: 4/590

progress: 5/590

progress: 6/590

progress: 1/584

progress: 2/584

progress: 3/584

progress: 4/584

progress: 5/584

progress: 6/584

progress: 7/584

Expecting value: line 20 column 1 (char 4004)		in file: 48.md

progress: 8/584

Expecting value: line 14 column 1 (char 1983)		in file: 480.md

progress: 9/584

Expecting value: line 18 column 1 (char 2331)		in file: 481.md

progress: 10/584

progress: 11/584

progress: 12/584

progress: 13/584

Expecting value: line 20 column 1 (char 3458)		in file: 485.md

progress: 14/584

progress: 15/584

Expecting value: line 13 column 1 (char 2135)		in file: 487.md

progress: 16/584

progress: 17/584

progress: 18/584

progress: 19/584

Expecting value: line 14 column 1 (char 2543)		in file: 490.md

progress: 1/571

progress: 2/571

progress: 3/571

progress: 4/571

progress: 5/571

progress: 6/571

progress: 7/571

progress: 8/571

progress: 9/571

progress: 10/571

progress: 11/571

progress: 12/571

progress: 13/571

Expecting property name enclosed in double quotes: line 3 column 1 (char 4)		in file: 497.md

progress: 14/571

progress: 15/571

progress: 16/571

progress: 17/571

progress: 18/571

progress: 19/571

Expecting value: line 12 column 1 (char 2277)		in file: 501.md

progress: 20/571

progress: 21/571

progress: 22/571

progress: 23/571

progress: 24/571

progress: 25/571

progress: 26/571

progress: 27/571

progress: 28/571

progress: 29/571

progress: 30/571

progress: 31/571

progress: 32/571

progress: 33/571

progress: 34/571

progress: 35/571

progress: 36/571

progress: 37/571

progress: 38/571

progress: 39/571

progress: 40/571

progress: 41/571

progress: 42/571

progress: 43/571

progress: 44/571

progress: 45/571

progress: 47/571

progress: 48/571

progress: 49/571

progress: 50/571

progress: 51/571

progress: 52/571

progress: 53/571

progress: 54/571

progress: 55/571

progress: 56/571

progress: 57/571

progress: 58/571

progress: 59/571

progress: 60/571

progress: 61/571

progress: 62/571

progress: 63/571

progress: 64/571

progress: 65/571

progress: 66/571

progress: 67/571

progress: 68/571

